<?xml version="1.0" encoding="UTF-8"?>
<testng-results ignored="0" total="5" passed="5" failed="0" skipped="0">
  <reporter-output>
  </reporter-output>
  <suite started-at="2023-05-14T17:23:36 IST" name="Surefire suite" finished-at="2023-05-14T17:30:24 IST" duration-ms="408008">
    <groups>
      <group name="cucumber">
        <method signature="AbstractTestNGCucumberTests.runScenario(io.cucumber.testng.PickleWrapper,io.cucumber.testng.FeatureWrapper)[pri:0, instance:cucumberOptions.TestNGTestRunner@4cc8eb05]" name="runScenario" class="io.cucumber.testng.AbstractTestNGCucumberTests"/>
      </group> <!-- cucumber -->
    </groups>
    <test started-at="2023-05-14T17:23:36 IST" name="Surefire test" finished-at="2023-05-14T17:30:24 IST" duration-ms="408008">
      <class name="cucumberOptions.TestNGTestRunner">
        <test-method is-config="true" signature="setUpClass(org.testng.ITestContext)[pri:0, instance:cucumberOptions.TestNGTestRunner@4cc8eb05]" started-at="2023-05-14T17:23:36 IST" name="setUpClass" finished-at="2023-05-14T17:23:39 IST" duration-ms="2648" status="PASS">
          <params>
            <param index="0">
              <value>
                <![CDATA[org.testng.TestRunner@2c708440]]>
              </value>
            </param>
          </params>
          <reporter-output>
          </reporter-output>
        </test-method> <!-- setUpClass -->
        <test-method signature="runScenario(io.cucumber.testng.PickleWrapper,io.cucumber.testng.FeatureWrapper)[pri:0, instance:cucumberOptions.TestNGTestRunner@4cc8eb05]" started-at="2023-05-14T17:23:39 IST" name="runScenario" description="Runs Cucumber Scenarios" data-provider="scenarios" finished-at="2023-05-14T17:25:35 IST" duration-ms="115985" status="PASS">
          <params>
            <param index="0">
              <value>
                <![CDATA["Verify error message is displayed when more than 9 passengers are selected"]]>
              </value>
            </param>
            <param index="1">
              <value>
                <![CDATA["Optional[Error messages during flight search]"]]>
              </value>
            </param>
          </params>
          <reporter-output>
          </reporter-output>
        </test-method> <!-- runScenario -->
        <test-method signature="runScenario(io.cucumber.testng.PickleWrapper,io.cucumber.testng.FeatureWrapper)[pri:0, instance:cucumberOptions.TestNGTestRunner@4cc8eb05]" started-at="2023-05-14T17:25:35 IST" name="runScenario" description="Runs Cucumber Scenarios" data-provider="scenarios" finished-at="2023-05-14T17:26:42 IST" duration-ms="67257" status="PASS">
          <params>
            <param index="0">
              <value>
                <![CDATA["Book holiday packages in destination city"]]>
              </value>
            </param>
            <param index="1">
              <value>
                <![CDATA["Optional[Book holiday package]"]]>
              </value>
            </param>
          </params>
          <reporter-output>
          </reporter-output>
        </test-method> <!-- runScenario -->
        <test-method signature="runScenario(io.cucumber.testng.PickleWrapper,io.cucumber.testng.FeatureWrapper)[pri:0, instance:cucumberOptions.TestNGTestRunner@4cc8eb05]" started-at="2023-05-14T17:26:42 IST" name="runScenario" description="Runs Cucumber Scenarios" data-provider="scenarios" finished-at="2023-05-14T17:27:53 IST" duration-ms="71205" status="PASS">
          <params>
            <param index="0">
              <value>
                <![CDATA["Search flight with multicity journeytype option"]]>
              </value>
            </param>
            <param index="1">
              <value>
                <![CDATA["Optional[Search flight]"]]>
              </value>
            </param>
          </params>
          <reporter-output>
          </reporter-output>
        </test-method> <!-- runScenario -->
        <test-method signature="runScenario(io.cucumber.testng.PickleWrapper,io.cucumber.testng.FeatureWrapper)[pri:0, instance:cucumberOptions.TestNGTestRunner@4cc8eb05]" started-at="2023-05-14T17:27:53 IST" name="runScenario" description="Runs Cucumber Scenarios" data-provider="scenarios" finished-at="2023-05-14T17:28:51 IST" duration-ms="57830" status="PASS">
          <params>
            <param index="0">
              <value>
                <![CDATA["Search flight with oneway journeytype option"]]>
              </value>
            </param>
            <param index="1">
              <value>
                <![CDATA["Optional[Search flight]"]]>
              </value>
            </param>
          </params>
          <reporter-output>
          </reporter-output>
        </test-method> <!-- runScenario -->
        <test-method signature="runScenario(io.cucumber.testng.PickleWrapper,io.cucumber.testng.FeatureWrapper)[pri:0, instance:cucumberOptions.TestNGTestRunner@4cc8eb05]" started-at="2023-05-14T17:28:51 IST" name="runScenario" description="Runs Cucumber Scenarios" data-provider="scenarios" finished-at="2023-05-14T17:30:18 IST" duration-ms="86456" status="PASS">
          <params>
            <param index="0">
              <value>
                <![CDATA["Search flight with roundtrip journeytype option"]]>
              </value>
            </param>
            <param index="1">
              <value>
                <![CDATA["Optional[Search flight]"]]>
              </value>
            </param>
          </params>
          <reporter-output>
          </reporter-output>
        </test-method> <!-- runScenario -->
        <test-method is-config="true" signature="tearDownClass()[pri:0, instance:cucumberOptions.TestNGTestRunner@4cc8eb05]" started-at="2023-05-14T17:30:18 IST" name="tearDownClass" finished-at="2023-05-14T17:30:24 IST" duration-ms="6332" status="PASS">
          <reporter-output>
          </reporter-output>
        </test-method> <!-- tearDownClass -->
      </class> <!-- cucumberOptions.TestNGTestRunner -->
    </test> <!-- Surefire test -->
  </suite> <!-- Surefire suite -->
</testng-results>
